2019-03-03 17:34:23,497-BrowserEngine-INFO-you had select Chrome browser
2019-03-03 17:34:23,497-BrowserEngine-INFO-The test server url is http://127.0.0.1/forum.php
2019-03-03 17:34:25,791-BrowserEngine-INFO-Staring Chrome browser
2019-03-03 17:34:26,330-BrowserEngine-INFO-Open url http://127.0.0.1/forum.php
2019-03-03 17:34:27,448-BrowserEngine-INFO-Maxmize the current window
2019-03-03 17:34:27,450-BrowserEngine-INFO-Set implicitly wait 10 seconds
2019-03-03 17:34:27,490-BasePage-INFO-找到页面元素('name', 'username')
2019-03-03 17:34:27,638-BasePage-INFO-输入内容zhangyuqi
2019-03-03 17:34:27,675-BasePage-INFO-找到页面元素('name', 'password')
2019-03-03 17:34:27,771-BasePage-INFO-输入内容zhangyuqi
2019-03-03 17:34:27,804-BasePage-INFO-找到页面元素('tag name', 'em')
2019-03-03 17:34:27,867-BasePage-INFO-successful
2019-03-03 17:34:32,944-BasePage-INFO-找到页面元素('css selector', '#category_1 > table > tbody > tr:nth-child(1) > td:nth-child(2) > h2 > a')
2019-03-03 17:34:33,415-BasePage-INFO-找到页面元素('xpath', "//*[@id='newspecial']/img")
2019-03-03 17:34:33,953-BasePage-INFO-找到页面元素('name', 'subject')
2019-03-03 17:34:34,106-BasePage-INFO-输入内容come on!!!
2019-03-03 17:34:34,120-BasePage-INFO-successful
2019-03-03 17:34:44,188-BasePage-INFO-找到页面元素('xpath', "//body[@spellcheck='false']")
2019-03-03 17:34:44,352-BasePage-INFO-输入内容I will be a doctor!
2019-03-03 17:34:44,356-BasePage-INFO-successful
2019-03-03 17:34:44,391-BasePage-INFO-找到页面元素('name', 'topicsubmit')
2019-03-03 17:34:46,785-BasePage-INFO-找到页面元素('css selector', '.fastre')
2019-03-03 17:34:47,010-BasePage-INFO-找到页面元素('css selector', '#postmessage')
2019-03-03 17:34:47,120-BasePage-INFO-输入内容you can do it!
2019-03-03 17:34:47,153-BasePage-INFO-找到页面元素('xpath', '//button/span')
2019-03-03 17:34:47,377-BasePage-INFO-successful
2019-03-03 17:34:47,410-BasePage-INFO-找到页面元素('xpath', "//*[@id='um']/p[1]/a[5]")
2019-03-03 17:34:49,825-BrowserEngine-INFO-you had select Chrome browser
2019-03-03 17:34:49,825-BrowserEngine-INFO-The test server url is http://127.0.0.1/forum.php
2019-03-03 17:34:52,091-BrowserEngine-INFO-Staring Chrome browser
2019-03-03 17:34:52,589-BrowserEngine-INFO-Open url http://127.0.0.1/forum.php
2019-03-03 17:34:53,728-BrowserEngine-INFO-Maxmize the current window
2019-03-03 17:34:53,730-BrowserEngine-INFO-Set implicitly wait 10 seconds
2019-03-03 17:34:53,733-BasePage-INFO-successful
2019-03-03 17:34:53,771-BasePage-INFO-找到页面元素('name', 'username')
2019-03-03 17:34:53,954-BasePage-INFO-输入内容admin
2019-03-03 17:34:53,986-BasePage-INFO-找到页面元素('name', 'password')
2019-03-03 17:34:54,071-BasePage-INFO-输入内容admin
2019-03-03 17:34:54,102-BasePage-INFO-找到页面元素('tag name', 'em')
2019-03-03 17:34:54,686-BasePage-INFO-找到页面元素('css selector', '#um > p:nth-child(2) > strong > a')
2019-03-03 17:34:54,720-BasePage-INFO-successful
2019-03-03 17:34:54,725-BasePage-INFO-successful
2019-03-03 17:34:59,796-BasePage-INFO-找到页面元素('css selector', '#category_1 > table > tbody > tr:nth-child(1) > td:nth-child(2) > h2 > a')
2019-03-03 17:35:10,306-BasePage-INFO-找到页面元素('xpath', "(//tr/td[@class='o']/input)[1]")
2019-03-03 17:35:10,412-BasePage-INFO-找到页面元素('xpath', "//*[@id='mdly']/p[1]/strong[1]/a")
2019-03-03 17:35:10,629-BasePage-INFO-找到页面元素('css selector', '#modsubmit > span')
2019-03-03 17:35:11,097-BasePage-ERROR-Failed list index out of range
2019-03-03 17:35:11,154-BasePage-INFO-找到页面元素('xpath', "//*[@id='um']/p[1]/a[6]")
2019-03-03 17:35:11,277-BasePage-INFO-successful
2019-03-03 17:35:15,370-BasePage-INFO-找到页面元素('css selector', '#header_forum')
2019-03-03 17:35:15,442-BasePage-INFO-successful
2019-03-03 17:35:15,646-BasePage-INFO-找到页面元素('xpath', "//*[@id='cpform']/table/tbody[3]/tr/td[2]/div/a")
2019-03-03 17:35:25,835-BasePage-INFO-找到页面元素('name', 'editsubmit')
2019-03-03 17:35:26,076-BasePage-INFO-successful
2019-03-03 17:35:26,083-BasePage-INFO-successful
2019-03-03 17:35:26,125-BasePage-INFO-找到页面元素('css selector', '#um > p:nth-child(2) > a:nth-child(18)')
2019-03-03 17:35:29,315-BasePage-INFO-successful
2019-03-03 17:35:29,392-BasePage-INFO-找到页面元素('name', 'username')
2019-03-03 17:35:29,500-BasePage-INFO-输入内容zhangyuqi
2019-03-03 17:35:29,532-BasePage-INFO-找到页面元素('name', 'password')
2019-03-03 17:35:29,623-BasePage-INFO-输入内容zhangyuqi
2019-03-03 17:35:29,655-BasePage-INFO-找到页面元素('tag name', 'em')
2019-03-03 17:35:30,253-BasePage-INFO-找到页面元素('css selector', '#um > p:nth-child(2) > strong > a')
2019-03-03 17:35:30,302-BasePage-INFO-successful
2019-03-03 17:35:32,538-BrowserEngine-INFO-you had select Chrome browser
2019-03-03 17:35:32,538-BrowserEngine-INFO-The test server url is http://127.0.0.1/forum.php
2019-03-03 17:35:34,783-BrowserEngine-INFO-Staring Chrome browser
2019-03-03 17:35:35,267-BrowserEngine-INFO-Open url http://127.0.0.1/forum.php
2019-03-03 17:35:36,406-BrowserEngine-INFO-Maxmize the current window
2019-03-03 17:35:36,407-BrowserEngine-INFO-Set implicitly wait 10 seconds
2019-03-03 17:35:36,411-BasePage-INFO-successful
2019-03-03 17:35:36,450-BasePage-INFO-找到页面元素('name', 'username')
2019-03-03 17:35:36,584-BasePage-INFO-输入内容zhangyuqi
2019-03-03 17:35:36,617-BasePage-INFO-找到页面元素('name', 'password')
2019-03-03 17:35:36,710-BasePage-INFO-输入内容zhangyuqi
2019-03-03 17:35:36,742-BasePage-INFO-找到页面元素('tag name', 'em')
2019-03-03 17:35:41,868-BasePage-INFO-找到页面元素('css selector', '#category_1 > table > tbody > tr:nth-child(1) > td:nth-child(2) > h2 > a')
2019-03-03 17:35:42,232-BasePage-INFO-找到页面元素('xpath', "//*[@id='newspecial']/img")
2019-03-03 17:35:42,798-BasePage-INFO-找到页面元素('name', 'subject')
2019-03-03 17:35:42,907-BasePage-INFO-输入内容haotest
2019-03-03 17:35:42,921-BasePage-INFO-successful
2019-03-03 17:35:52,995-BasePage-INFO-找到页面元素('xpath', "//body[@spellcheck='false']")
2019-03-03 17:35:53,128-BasePage-INFO-输入内容haotesthaotest
2019-03-03 17:35:53,132-BasePage-INFO-successful
2019-03-03 17:35:53,165-BasePage-INFO-找到页面元素('name', 'topicsubmit')
2019-03-03 17:35:53,287-BasePage-INFO-successful
2019-03-03 17:35:58,364-BasePage-INFO-找到页面元素('css selector', '#scbar_txt')
2019-03-03 17:35:58,461-BasePage-INFO-输入内容haotest
2019-03-03 17:35:58,493-BasePage-INFO-找到页面元素('css selector', '#scbar_btn')
2019-03-03 17:35:58,581-BasePage-INFO-successful
2019-03-03 17:36:02,671-BasePage-INFO-找到页面元素('xpath', '//a/strong/font')
2019-03-03 17:36:02,699-BasePage-INFO-successful
2019-03-03 17:36:05,743-BasePage-INFO-successful
2019-03-03 17:36:05,756-BasePage-INFO-successful
2019-03-03 17:36:05,768-BasePage-INFO-successful
2019-03-03 17:36:05,812-BasePage-INFO-找到页面元素('xpath', "//*[@id='um']/p[1]/a[5]")
2019-03-03 17:36:08,208-BrowserEngine-INFO-you had select Chrome browser
2019-03-03 17:36:08,208-BrowserEngine-INFO-The test server url is http://127.0.0.1/forum.php
2019-03-03 17:36:10,453-BrowserEngine-INFO-Staring Chrome browser
2019-03-03 17:36:10,961-BrowserEngine-INFO-Open url http://127.0.0.1/forum.php
2019-03-03 17:36:12,103-BrowserEngine-INFO-Maxmize the current window
2019-03-03 17:36:12,104-BrowserEngine-INFO-Set implicitly wait 10 seconds
2019-03-03 17:36:12,143-BasePage-INFO-找到页面元素('name', 'username')
2019-03-03 17:36:12,270-BasePage-INFO-输入内容admin
2019-03-03 17:36:12,303-BasePage-INFO-找到页面元素('name', 'password')
2019-03-03 17:36:12,383-BasePage-INFO-输入内容admin
2019-03-03 17:36:12,416-BasePage-INFO-找到页面元素('tag name', 'em')
2019-03-03 17:36:12,479-BasePage-INFO-successful
2019-03-03 17:36:17,516-BasePage-INFO-找到页面元素('xpath', "//*[@id='category_1']/table/tbody/tr[1]/td[2]/h2/a")
2019-03-03 17:36:18,011-BasePage-INFO-找到页面元素('xpath', "//*[@id='newspecial']/img")
2019-03-03 17:36:18,574-BasePage-INFO-找到页面元素('name', 'subject')
2019-03-03 17:36:18,674-BasePage-INFO-输入内容投票
2019-03-03 17:36:18,689-BasePage-INFO-successful
2019-03-03 17:36:28,759-BasePage-INFO-找到页面元素('xpath', "//body[@spellcheck='false']")
2019-03-03 17:36:28,907-BasePage-INFO-输入内容toupiaotoupiao
2019-03-03 17:36:28,911-BasePage-INFO-successful
2019-03-03 17:36:28,946-BasePage-INFO-找到页面元素('name', 'topicsubmit')
2019-03-03 17:36:34,150-BasePage-INFO-找到页面元素('xpath', "//*[@id='newspecial']/img")
2019-03-03 17:36:34,225-BasePage-INFO-找到页面元素('css selector', '#newspecial_menu > li.poll > a')
2019-03-03 17:36:37,742-BasePage-INFO-找到页面元素('xpath', "//*[@id='subject']")
2019-03-03 17:36:37,874-BasePage-INFO-输入内容title
2019-03-03 17:36:40,950-BasePage-INFO-找到页面元素('css selector', '#pollm_c_1 > p:nth-child(1) > input')
2019-03-03 17:36:41,038-BasePage-INFO-输入内容A
2019-03-03 17:36:41,069-BasePage-INFO-找到页面元素('css selector', '#pollm_c_1 > p:nth-child(2) > input')
2019-03-03 17:36:41,152-BasePage-INFO-输入内容AA
2019-03-03 17:36:41,183-BasePage-INFO-找到页面元素('css selector', '#pollm_c_1 > p:nth-child(3) > input')
2019-03-03 17:36:41,267-BasePage-INFO-输入内容AAA
2019-03-03 17:36:41,300-BasePage-INFO-找到页面元素('css selector', '#postsubmit > span')
2019-03-03 17:36:42,362-BasePage-INFO-找到页面元素('css selector', '#option_1')
2019-03-03 17:36:42,467-BasePage-INFO-找到页面元素('css selector', '#pollsubmit > span')
2019-03-03 17:36:43,288-BasePage-INFO-successful
2019-03-03 17:36:43,345-BasePage-INFO-找到页面元素('css selector', '#thread_subject')
2019-03-03 17:36:43,386-BasePage-INFO-找到页面元素('css selector', '#poll > div.pcht > table > tbody > tr:nth-child(1) > td.pvt > label')
2019-03-03 17:36:43,425-BasePage-INFO-找到页面元素('css selector', '#poll > div.pcht > table > tbody > tr:nth-child(3) > td.pvt > label')
2019-03-03 17:36:43,465-BasePage-INFO-找到页面元素('css selector', '#poll > div.pcht > table > tbody > tr:nth-child(5) > td.pvt > label')
2019-03-03 17:36:43,511-BasePage-INFO-找到页面元素('css selector', '#poll > div.pcht > table > tbody > tr:nth-child(2) > td:nth-child(2)')
2019-03-03 17:36:43,549-BasePage-INFO-找到页面元素('css selector', '#poll > div.pcht > table > tbody > tr:nth-child(4) > td:nth-child(2)')
2019-03-03 17:36:43,590-BasePage-INFO-找到页面元素('css selector', '#poll > div.pcht > table > tbody > tr:nth-child(6) > td:nth-child(2)')
2019-03-03 17:36:43,617-BasePage-INFO-successful
2019-03-03 17:36:43,636-BasePage-INFO-successful
2019-03-03 17:36:43,653-BasePage-INFO-successful
2019-03-03 17:36:43,671-BasePage-INFO-successful
2019-03-03 17:36:43,691-BasePage-INFO-successful
2019-03-03 17:36:43,710-BasePage-INFO-successful
2019-03-03 17:36:43,729-BasePage-INFO-successful
2019-03-03 17:36:43,733-BasePage-INFO-successful
2019-03-03 17:36:43,764-BasePage-INFO-找到页面元素('css selector', '#um > p:nth-child(2) > a:nth-child(18)')
