2019-02-28 20:42:06,948-BrowserEngine-INFO-you had select Chrome browser
2019-02-28 20:42:06,948-BrowserEngine-INFO-The test server url is http://127.0.0.1/forum.php
2019-02-28 20:42:09,282-BrowserEngine-INFO-Staring Chrome browser
2019-02-28 20:42:09,819-BrowserEngine-INFO-Open url http://127.0.0.1/forum.php
2019-02-28 20:42:10,966-BrowserEngine-INFO-Maxmize the current window
2019-02-28 20:42:10,967-BrowserEngine-INFO-Set implicitly wait 10 seconds
2019-02-28 20:42:11,013-BasePage-INFO-找到页面元素('name', 'username')
2019-02-28 20:42:11,168-BasePage-INFO-输入内容zhangyuqi
2019-02-28 20:42:11,202-BasePage-INFO-找到页面元素('name', 'password')
2019-02-28 20:42:11,295-BasePage-INFO-输入内容zhangyuqi
2019-02-28 20:42:11,330-BasePage-INFO-找到页面元素('tag name', 'em')
2019-02-28 20:42:11,392-BasePage-INFO-successful
2019-02-28 20:42:16,468-BasePage-INFO-找到页面元素('css selector', '#category_1 > table > tbody > tr:nth-child(1) > td:nth-child(2) > h2 > a')
2019-02-28 20:42:18,196-BasePage-INFO-找到页面元素('xpath', "//*[@id='newspecial']/img")
2019-02-28 20:42:18,782-BasePage-INFO-找到页面元素('name', 'subject')
2019-02-28 20:42:18,910-BasePage-INFO-输入内容come on!!!
2019-02-28 20:42:18,941-BasePage-INFO-successful
2019-02-28 20:42:29,009-BasePage-INFO-找到页面元素('xpath', "//body[@spellcheck='false']")
2019-02-28 20:42:29,184-BasePage-INFO-输入内容I will be a doctor!
2019-02-28 20:42:29,188-BasePage-INFO-successful
2019-02-28 20:42:29,223-BasePage-INFO-找到页面元素('name', 'topicsubmit')
2019-02-28 20:42:30,782-BasePage-INFO-找到页面元素('css selector', '.fastre')
2019-02-28 20:42:31,023-BasePage-INFO-找到页面元素('css selector', '#postmessage')
2019-02-28 20:42:31,133-BasePage-INFO-输入内容you can do it!
2019-02-28 20:42:31,164-BasePage-INFO-找到页面元素('xpath', '//button/span')
2019-02-28 20:42:31,376-BasePage-INFO-successful
2019-02-28 20:42:31,411-BasePage-INFO-找到页面元素('xpath', "//*[@id='um']/p[1]/a[5]")
2019-02-28 20:42:33,815-BrowserEngine-INFO-you had select Chrome browser
2019-02-28 20:42:33,815-BrowserEngine-INFO-The test server url is http://127.0.0.1/forum.php
2019-02-28 20:42:36,070-BrowserEngine-INFO-Staring Chrome browser
2019-02-28 20:42:36,620-BrowserEngine-INFO-Open url http://127.0.0.1/forum.php
2019-02-28 20:42:37,756-BrowserEngine-INFO-Maxmize the current window
2019-02-28 20:42:37,757-BrowserEngine-INFO-Set implicitly wait 10 seconds
2019-02-28 20:42:37,761-BasePage-INFO-successful
2019-02-28 20:42:37,805-BasePage-INFO-找到页面元素('name', 'username')
2019-02-28 20:42:37,932-BasePage-INFO-输入内容admin
2019-02-28 20:42:37,966-BasePage-INFO-找到页面元素('name', 'password')
2019-02-28 20:42:38,051-BasePage-INFO-输入内容admin
2019-02-28 20:42:38,086-BasePage-INFO-找到页面元素('tag name', 'em')
2019-02-28 20:42:38,149-BasePage-INFO-successful
2019-02-28 20:42:43,187-BasePage-INFO-找到页面元素('css selector', '#category_1 > table > tbody > tr:nth-child(1) > td:nth-child(2) > h2 > a')
2019-02-28 20:42:53,686-BasePage-INFO-找到页面元素('xpath', "(//tr/td[@class='o']/input)[1]")
2019-02-28 20:42:53,793-BasePage-INFO-找到页面元素('xpath', "//*[@id='mdly']/p[1]/strong[1]/a")
2019-02-28 20:42:54,020-BasePage-INFO-找到页面元素('css selector', '#modsubmit > span')
2019-02-28 20:42:55,015-BasePage-ERROR-Failed list index out of range
2019-02-28 20:42:55,061-BasePage-INFO-找到页面元素('xpath', "//*[@id='um']/p[1]/a[6]")
2019-02-28 20:42:55,170-BasePage-INFO-successful
2019-02-28 20:42:56,246-BasePage-INFO-找到页面元素('css selector', '#header_forum')
2019-02-28 20:42:56,324-BasePage-INFO-successful
2019-02-28 20:42:56,572-BasePage-INFO-找到页面元素('xpath', "//*[@id='cpform']/table/tbody[3]/tr/td[2]/div/a")
2019-02-28 20:43:06,783-BasePage-INFO-找到页面元素('name', 'editsubmit')
2019-02-28 20:43:07,087-BasePage-INFO-successful
2019-02-28 20:43:07,093-BasePage-INFO-successful
2019-02-28 20:43:07,137-BasePage-INFO-找到页面元素('css selector', '#um > p:nth-child(2) > a:nth-child(18)')
2019-02-28 20:43:10,332-BasePage-INFO-successful
2019-02-28 20:43:10,412-BasePage-INFO-找到页面元素('name', 'username')
2019-02-28 20:43:10,528-BasePage-INFO-输入内容zhangyuqi
2019-02-28 20:43:10,562-BasePage-INFO-找到页面元素('name', 'password')
2019-02-28 20:43:10,654-BasePage-INFO-输入内容zhangyuqi
2019-02-28 20:43:10,688-BasePage-INFO-找到页面元素('tag name', 'em')
2019-02-28 20:43:10,749-BasePage-INFO-successful
2019-02-28 20:43:20,827-BasePage-INFO-找到页面元素('xpath', "//*[@id='newspecial']/img")
2019-02-28 20:43:21,378-BasePage-INFO-找到页面元素('name', 'subject')
2019-02-28 20:43:21,479-BasePage-INFO-输入内容smile!
2019-02-28 20:43:21,495-BasePage-INFO-successful
2019-02-28 20:43:21,524-BasePage-INFO-找到页面元素('xpath', "//body[@spellcheck='false']")
2019-02-28 20:43:21,650-BasePage-INFO-输入内容hahahaahahaha!
2019-02-28 20:43:21,654-BasePage-INFO-successful
2019-02-28 20:43:21,686-BasePage-INFO-找到页面元素('name', 'topicsubmit')
2019-02-28 20:43:23,018-BasePage-INFO-找到页面元素('css selector', '.fastre')
2019-02-28 20:43:23,239-BasePage-INFO-找到页面元素('css selector', '#postmessage')
2019-02-28 20:43:23,320-BasePage-INFO-输入内容good!
2019-02-28 20:43:23,365-BasePage-INFO-找到页面元素('xpath', '//button/span')
2019-02-28 20:43:25,812-BrowserEngine-INFO-you had select Chrome browser
2019-02-28 20:43:25,812-BrowserEngine-INFO-The test server url is http://127.0.0.1/forum.php
2019-02-28 20:43:28,105-BrowserEngine-INFO-Staring Chrome browser
2019-02-28 20:43:29,016-BrowserEngine-INFO-Open url http://127.0.0.1/forum.php
2019-02-28 20:43:30,135-BrowserEngine-INFO-Maxmize the current window
2019-02-28 20:43:30,137-BrowserEngine-INFO-Set implicitly wait 10 seconds
2019-02-28 20:43:30,140-BasePage-INFO-successful
2019-02-28 20:43:30,186-BasePage-INFO-找到页面元素('name', 'username')
2019-02-28 20:43:30,355-BasePage-INFO-输入内容zhangyuqi
2019-02-28 20:43:30,390-BasePage-INFO-找到页面元素('name', 'password')
2019-02-28 20:43:30,483-BasePage-INFO-输入内容zhangyuqi
2019-02-28 20:43:30,520-BasePage-INFO-找到页面元素('tag name', 'em')
2019-02-28 20:43:30,584-BasePage-INFO-successful
2019-02-28 20:43:35,659-BasePage-INFO-找到页面元素('css selector', '#scbar_txt')
2019-02-28 20:43:35,761-BasePage-INFO-输入内容haotest
2019-02-28 20:43:35,797-BasePage-INFO-找到页面元素('css selector', '#scbar_btn')
2019-02-28 20:43:35,894-BasePage-INFO-successful
2019-02-28 20:43:39,993-BasePage-INFO-找到页面元素('xpath', '//a/strong/font')
2019-02-28 20:43:40,021-BasePage-INFO-successful
2019-02-28 20:43:45,062-BasePage-INFO-successful
2019-02-28 20:43:45,072-BasePage-INFO-successful
2019-02-28 20:43:45,084-BasePage-INFO-successful
2019-02-28 20:43:45,129-BasePage-INFO-找到页面元素('xpath', "//*[@id='um']/p[1]/a[5]")
2019-02-28 20:43:47,983-BrowserEngine-INFO-you had select Chrome browser
2019-02-28 20:43:47,984-BrowserEngine-INFO-The test server url is http://127.0.0.1/forum.php
2019-02-28 20:43:50,247-BrowserEngine-INFO-Staring Chrome browser
2019-02-28 20:43:50,770-BrowserEngine-INFO-Open url http://127.0.0.1/forum.php
2019-02-28 20:43:51,911-BrowserEngine-INFO-Maxmize the current window
2019-02-28 20:43:51,912-BrowserEngine-INFO-Set implicitly wait 10 seconds
2019-02-28 20:43:51,954-BasePage-INFO-找到页面元素('name', 'username')
2019-02-28 20:43:52,096-BasePage-INFO-输入内容admin
2019-02-28 20:43:52,134-BasePage-INFO-找到页面元素('name', 'password')
2019-02-28 20:43:52,213-BasePage-INFO-输入内容admin
2019-02-28 20:43:52,245-BasePage-INFO-找到页面元素('tag name', 'em')
2019-02-28 20:43:52,305-BasePage-INFO-successful
2019-02-28 20:43:57,346-BasePage-INFO-找到页面元素('xpath', "//*[@id='category_1']/table/tbody/tr[1]/td[2]/h2/a")
2019-02-28 20:43:57,892-BasePage-INFO-找到页面元素('xpath', "//*[@id='newspecial']/img")
2019-02-28 20:43:58,585-BasePage-INFO-找到页面元素('name', 'subject')
2019-02-28 20:43:58,702-BasePage-INFO-输入内容投票
2019-02-28 20:43:58,716-BasePage-INFO-successful
2019-02-28 20:44:08,794-BasePage-INFO-找到页面元素('xpath', "//body[@spellcheck='false']")
2019-02-28 20:44:08,964-BasePage-INFO-输入内容toupiaotoupiao
2019-02-28 20:44:08,969-BasePage-INFO-successful
2019-02-28 20:44:09,005-BasePage-INFO-找到页面元素('name', 'topicsubmit')
2019-02-28 20:44:14,216-BasePage-INFO-找到页面元素('xpath', "//*[@id='newspecial']/img")
2019-02-28 20:44:14,291-BasePage-INFO-找到页面元素('css selector', '#newspecial_menu > li.poll > a')
2019-02-28 20:44:17,837-BasePage-INFO-找到页面元素('xpath', "//*[@id='subject']")
2019-02-28 20:44:17,962-BasePage-INFO-输入内容title
2019-02-28 20:44:21,026-BasePage-INFO-找到页面元素('css selector', '#pollm_c_1 > p:nth-child(1) > input')
2019-02-28 20:44:21,134-BasePage-INFO-输入内容A
2019-02-28 20:44:21,165-BasePage-INFO-找到页面元素('css selector', '#pollm_c_1 > p:nth-child(2) > input')
2019-02-28 20:44:21,246-BasePage-INFO-输入内容AA
2019-02-28 20:44:21,279-BasePage-INFO-找到页面元素('css selector', '#pollm_c_1 > p:nth-child(3) > input')
2019-02-28 20:44:21,363-BasePage-INFO-输入内容AAA
2019-02-28 20:44:21,394-BasePage-INFO-找到页面元素('css selector', '#postsubmit > span')
2019-02-28 20:44:22,279-BasePage-INFO-找到页面元素('css selector', '#option_1')
2019-02-28 20:44:22,391-BasePage-INFO-找到页面元素('css selector', '#pollsubmit > span')
2019-02-28 20:44:23,174-BasePage-INFO-successful
2019-02-28 20:44:23,237-BasePage-INFO-找到页面元素('css selector', '#thread_subject')
2019-02-28 20:44:23,276-BasePage-INFO-找到页面元素('css selector', '#poll > div.pcht > table > tbody > tr:nth-child(1) > td.pvt > label')
2019-02-28 20:44:23,315-BasePage-INFO-找到页面元素('css selector', '#poll > div.pcht > table > tbody > tr:nth-child(3) > td.pvt > label')
2019-02-28 20:44:23,358-BasePage-INFO-找到页面元素('css selector', '#poll > div.pcht > table > tbody > tr:nth-child(5) > td.pvt > label')
2019-02-28 20:44:23,401-BasePage-INFO-找到页面元素('css selector', '#poll > div.pcht > table > tbody > tr:nth-child(2) > td:nth-child(2)')
2019-02-28 20:44:23,440-BasePage-INFO-找到页面元素('css selector', '#poll > div.pcht > table > tbody > tr:nth-child(4) > td:nth-child(2)')
2019-02-28 20:44:23,479-BasePage-INFO-找到页面元素('css selector', '#poll > div.pcht > table > tbody > tr:nth-child(6) > td:nth-child(2)')
2019-02-28 20:44:23,506-BasePage-INFO-successful
2019-02-28 20:44:23,525-BasePage-INFO-successful
2019-02-28 20:44:23,545-BasePage-INFO-successful
2019-02-28 20:44:23,563-BasePage-INFO-successful
2019-02-28 20:44:23,583-BasePage-INFO-successful
2019-02-28 20:44:23,606-BasePage-INFO-successful
2019-02-28 20:44:23,627-BasePage-INFO-successful
2019-02-28 20:44:23,630-BasePage-INFO-successful
2019-02-28 20:44:23,661-BasePage-INFO-找到页面元素('css selector', '#um > p:nth-child(2) > a:nth-child(18)')
