2019-02-28 20:35:38,096-BrowserEngine-INFO-you had select Chrome browser
2019-02-28 20:35:38,097-BrowserEngine-INFO-The test server url is http://127.0.0.1/forum.php
2019-02-28 20:35:40,393-BrowserEngine-INFO-Staring Chrome browser
2019-02-28 20:35:40,982-BrowserEngine-INFO-Open url http://127.0.0.1/forum.php
2019-02-28 20:35:42,124-BrowserEngine-INFO-Maxmize the current window
2019-02-28 20:35:42,128-BrowserEngine-INFO-Set implicitly wait 10 seconds
2019-02-28 20:35:42,211-BasePage-INFO-找到页面元素('name', 'username')
2019-02-28 20:35:42,376-BasePage-INFO-输入内容zhangyuqi
2019-02-28 20:35:42,412-BasePage-INFO-找到页面元素('name', 'password')
2019-02-28 20:35:42,510-BasePage-INFO-输入内容zhangyuqi
2019-02-28 20:35:42,545-BasePage-INFO-找到页面元素('tag name', 'em')
2019-02-28 20:35:42,609-BasePage-INFO-successful
2019-02-28 20:35:47,687-BasePage-INFO-找到页面元素('css selector', '#category_1 > table > tbody > tr:nth-child(1) > td:nth-child(2) > h2 > a')
2019-02-28 20:35:48,185-BasePage-INFO-找到页面元素('xpath', "//*[@id='newspecial']/img")
2019-02-28 20:35:48,726-BasePage-INFO-找到页面元素('name', 'subject')
2019-02-28 20:35:48,858-BasePage-INFO-输入内容come on!!!
2019-02-28 20:35:48,890-BasePage-INFO-successful
2019-02-28 20:35:58,971-BasePage-INFO-找到页面元素('xpath', "//body[@spellcheck='false']")
2019-02-28 20:35:59,160-BasePage-INFO-输入内容I will be a doctor!
2019-02-28 20:35:59,163-BasePage-INFO-successful
2019-02-28 20:35:59,199-BasePage-INFO-找到页面元素('name', 'topicsubmit')
2019-02-28 20:36:00,598-BasePage-INFO-找到页面元素('css selector', '.fastre')
2019-02-28 20:36:00,824-BasePage-INFO-找到页面元素('css selector', '#postmessage')
2019-02-28 20:36:00,939-BasePage-INFO-输入内容you can do it!
2019-02-28 20:36:00,975-BasePage-INFO-找到页面元素('xpath', '//button/span')
2019-02-28 20:36:01,192-BasePage-INFO-successful
2019-02-28 20:36:01,226-BasePage-INFO-找到页面元素('xpath', "//*[@id='um']/p[1]/a[5]")
2019-02-28 20:36:03,626-BrowserEngine-INFO-you had select Chrome browser
2019-02-28 20:36:03,627-BrowserEngine-INFO-The test server url is http://127.0.0.1/forum.php
2019-02-28 20:36:05,923-BrowserEngine-INFO-Staring Chrome browser
2019-02-28 20:36:06,488-BrowserEngine-INFO-Open url http://127.0.0.1/forum.php
2019-02-28 20:36:07,632-BrowserEngine-INFO-Maxmize the current window
2019-02-28 20:36:07,636-BrowserEngine-INFO-Set implicitly wait 10 seconds
2019-02-28 20:36:07,646-BasePage-INFO-successful
2019-02-28 20:36:07,735-BasePage-INFO-找到页面元素('name', 'username')
2019-02-28 20:36:07,857-BasePage-INFO-输入内容admin
2019-02-28 20:36:07,891-BasePage-INFO-找到页面元素('name', 'password')
2019-02-28 20:36:07,973-BasePage-INFO-输入内容admin
2019-02-28 20:36:08,005-BasePage-INFO-找到页面元素('tag name', 'em')
2019-02-28 20:36:08,068-BasePage-INFO-successful
2019-02-28 20:36:13,102-BasePage-INFO-找到页面元素('css selector', '#category_1 > table > tbody > tr:nth-child(1) > td:nth-child(2) > h2 > a')
2019-02-28 20:36:23,634-BasePage-INFO-找到页面元素('xpath', "(//tr/td[@class='o']/input)[1]")
2019-02-28 20:36:23,732-BasePage-INFO-找到页面元素('xpath', "//*[@id='mdly']/p[1]/strong[1]/a")
2019-02-28 20:36:23,955-BasePage-INFO-找到页面元素('css selector', '#modsubmit > span')
2019-02-28 20:36:25,918-BasePage-ERROR-Failed list index out of range
2019-02-28 20:36:25,966-BasePage-INFO-找到页面元素('xpath', "//*[@id='um']/p[1]/a[6]")
2019-02-28 20:36:26,071-BasePage-INFO-successful
2019-02-28 20:36:27,165-BasePage-INFO-找到页面元素('css selector', '#header_forum')
2019-02-28 20:36:27,238-BasePage-INFO-successful
2019-02-28 20:36:27,454-BasePage-INFO-找到页面元素('xpath', "//*[@id='cpform']/table/tbody[3]/tr/td[2]/div/a")
2019-02-28 20:36:37,664-BasePage-INFO-找到页面元素('name', 'editsubmit')
2019-02-28 20:36:37,962-BasePage-INFO-successful
2019-02-28 20:36:37,971-BasePage-INFO-successful
2019-02-28 20:36:38,015-BasePage-INFO-找到页面元素('css selector', '#um > p:nth-child(2) > a:nth-child(18)')
2019-02-28 20:36:41,217-BasePage-INFO-successful
2019-02-28 20:36:41,294-BasePage-INFO-找到页面元素('name', 'username')
2019-02-28 20:36:41,408-BasePage-INFO-输入内容zhangyuqi
2019-02-28 20:36:41,439-BasePage-INFO-找到页面元素('name', 'password')
2019-02-28 20:36:41,527-BasePage-INFO-输入内容zhangyuqi
2019-02-28 20:36:41,556-BasePage-INFO-找到页面元素('tag name', 'em')
2019-02-28 20:36:41,619-BasePage-INFO-successful
2019-02-28 20:36:51,704-BasePage-INFO-找到页面元素('xpath', "//*[@id='newspecial']/img")
2019-02-28 20:36:52,219-BasePage-INFO-找到页面元素('name', 'subject')
2019-02-28 20:36:52,343-BasePage-INFO-输入内容smile!
2019-02-28 20:36:52,362-BasePage-INFO-successful
2019-02-28 20:36:52,395-BasePage-INFO-找到页面元素('xpath', "//body[@spellcheck='false']")
2019-02-28 20:36:52,529-BasePage-INFO-输入内容hahahaahahaha!
2019-02-28 20:36:52,533-BasePage-INFO-successful
2019-02-28 20:36:52,566-BasePage-INFO-找到页面元素('name', 'topicsubmit')
2019-02-28 20:37:13,231-BasePage-ERROR-<pageobjects.discuz02.Discuz02 object at 0x000002C3D11ED978>页面中未能找到('css selector', '.fastre')元素
2019-02-28 20:37:15,529-BrowserEngine-INFO-you had select Chrome browser
2019-02-28 20:37:15,530-BrowserEngine-INFO-The test server url is http://127.0.0.1/forum.php
2019-02-28 20:37:17,781-BrowserEngine-INFO-Staring Chrome browser
2019-02-28 20:37:18,341-BrowserEngine-INFO-Open url http://127.0.0.1/forum.php
2019-02-28 20:37:19,484-BrowserEngine-INFO-Maxmize the current window
2019-02-28 20:37:19,487-BrowserEngine-INFO-Set implicitly wait 10 seconds
2019-02-28 20:37:19,495-BasePage-INFO-successful
2019-02-28 20:37:19,562-BasePage-INFO-找到页面元素('name', 'username')
2019-02-28 20:37:19,712-BasePage-INFO-输入内容zhangyuqi
2019-02-28 20:37:19,745-BasePage-INFO-找到页面元素('name', 'password')
2019-02-28 20:37:19,843-BasePage-INFO-输入内容zhangyuqi
2019-02-28 20:37:19,875-BasePage-INFO-找到页面元素('tag name', 'em')
2019-02-28 20:37:19,938-BasePage-INFO-successful
2019-02-28 20:37:24,972-BasePage-INFO-找到页面元素('css selector', '#scbar_txt')
2019-02-28 20:37:25,078-BasePage-INFO-输入内容haotest
2019-02-28 20:37:25,114-BasePage-INFO-找到页面元素('css selector', '#scbar_btn')
2019-02-28 20:37:25,207-BasePage-INFO-successful
2019-02-28 20:37:29,302-BasePage-INFO-找到页面元素('xpath', '//a/strong/font')
2019-02-28 20:37:29,330-BasePage-INFO-successful
2019-02-28 20:37:34,362-BasePage-INFO-successful
2019-02-28 20:37:34,377-BasePage-INFO-successful
2019-02-28 20:37:34,382-BasePage-INFO-successful
2019-02-28 20:37:34,424-BasePage-INFO-找到页面元素('xpath', "//*[@id='um']/p[1]/a[5]")
2019-02-28 20:37:37,454-BrowserEngine-INFO-you had select Chrome browser
2019-02-28 20:37:37,454-BrowserEngine-INFO-The test server url is http://127.0.0.1/forum.php
2019-02-28 20:37:39,714-BrowserEngine-INFO-Staring Chrome browser
2019-02-28 20:37:40,251-BrowserEngine-INFO-Open url http://127.0.0.1/forum.php
2019-02-28 20:37:41,375-BrowserEngine-INFO-Maxmize the current window
2019-02-28 20:37:41,378-BrowserEngine-INFO-Set implicitly wait 10 seconds
2019-02-28 20:37:41,446-BasePage-INFO-找到页面元素('name', 'username')
2019-02-28 20:37:41,578-BasePage-INFO-输入内容admin
2019-02-28 20:37:41,614-BasePage-INFO-找到页面元素('name', 'password')
2019-02-28 20:37:41,695-BasePage-INFO-输入内容admin
2019-02-28 20:37:41,728-BasePage-INFO-找到页面元素('tag name', 'em')
2019-02-28 20:37:41,795-BasePage-INFO-successful
2019-02-28 20:37:46,836-BasePage-INFO-找到页面元素('xpath', "//*[@id='category_1']/table/tbody/tr[1]/td[2]/h2/a")
2019-02-28 20:37:47,339-BasePage-INFO-找到页面元素('xpath', "//*[@id='newspecial']/img")
2019-02-28 20:37:48,071-BasePage-INFO-找到页面元素('name', 'subject')
2019-02-28 20:37:48,160-BasePage-INFO-输入内容投票
2019-02-28 20:37:48,178-BasePage-INFO-successful
2019-02-28 20:37:58,246-BasePage-INFO-找到页面元素('xpath', "//body[@spellcheck='false']")
2019-02-28 20:37:58,398-BasePage-INFO-输入内容toupiaotoupiao
2019-02-28 20:37:58,402-BasePage-INFO-successful
2019-02-28 20:37:58,437-BasePage-INFO-找到页面元素('name', 'topicsubmit')
2019-02-28 20:38:03,632-BasePage-INFO-找到页面元素('xpath', "//*[@id='newspecial']/img")
2019-02-28 20:38:03,705-BasePage-INFO-找到页面元素('css selector', '#newspecial_menu > li.poll > a')
2019-02-28 20:38:07,247-BasePage-INFO-找到页面元素('xpath', "//*[@id='subject']")
2019-02-28 20:38:07,382-BasePage-INFO-输入内容title
2019-02-28 20:38:10,454-BasePage-INFO-找到页面元素('css selector', '#pollm_c_1 > p:nth-child(1) > input')
2019-02-28 20:38:10,539-BasePage-INFO-输入内容A
2019-02-28 20:38:10,570-BasePage-INFO-找到页面元素('css selector', '#pollm_c_1 > p:nth-child(2) > input')
2019-02-28 20:38:10,651-BasePage-INFO-输入内容AA
2019-02-28 20:38:10,684-BasePage-INFO-找到页面元素('css selector', '#pollm_c_1 > p:nth-child(3) > input')
2019-02-28 20:38:10,772-BasePage-INFO-输入内容AAA
2019-02-28 20:38:10,805-BasePage-INFO-找到页面元素('css selector', '#postsubmit > span')
2019-02-28 20:38:11,776-BasePage-INFO-找到页面元素('css selector', '#option_1')
2019-02-28 20:38:11,895-BasePage-INFO-找到页面元素('css selector', '#pollsubmit > span')
2019-02-28 20:38:12,632-BasePage-INFO-successful
2019-02-28 20:38:12,696-BasePage-INFO-找到页面元素('css selector', '#thread_subject')
2019-02-28 20:38:12,739-BasePage-INFO-找到页面元素('css selector', '#poll > div.pcht > table > tbody > tr:nth-child(1) > td.pvt > label')
2019-02-28 20:38:12,777-BasePage-INFO-找到页面元素('css selector', '#poll > div.pcht > table > tbody > tr:nth-child(3) > td.pvt > label')
2019-02-28 20:38:12,814-BasePage-INFO-找到页面元素('css selector', '#poll > div.pcht > table > tbody > tr:nth-child(5) > td.pvt > label')
2019-02-28 20:38:12,852-BasePage-INFO-找到页面元素('css selector', '#poll > div.pcht > table > tbody > tr:nth-child(2) > td:nth-child(2)')
2019-02-28 20:38:12,899-BasePage-INFO-找到页面元素('css selector', '#poll > div.pcht > table > tbody > tr:nth-child(4) > td:nth-child(2)')
2019-02-28 20:38:12,938-BasePage-INFO-找到页面元素('css selector', '#poll > div.pcht > table > tbody > tr:nth-child(6) > td:nth-child(2)')
2019-02-28 20:38:12,965-BasePage-INFO-successful
2019-02-28 20:38:12,986-BasePage-INFO-successful
2019-02-28 20:38:13,004-BasePage-INFO-successful
2019-02-28 20:38:13,023-BasePage-INFO-successful
2019-02-28 20:38:13,042-BasePage-INFO-successful
2019-02-28 20:38:13,063-BasePage-INFO-successful
2019-02-28 20:38:13,082-BasePage-INFO-successful
2019-02-28 20:38:13,086-BasePage-INFO-successful
2019-02-28 20:38:13,124-BasePage-INFO-找到页面元素('css selector', '#um > p:nth-child(2) > a:nth-child(18)')
